<?xml version="1.0" encoding="UTF-8"?>
<coverage generated="1643070056023" clover="3.2.0">
  <project timestamp="1643070056023" name="All files">
    <metrics statements="24" coveredstatements="23" conditionals="6" coveredconditionals="5" methods="12" coveredmethods="12" elements="42" coveredelements="40" complexity="0" loc="24" ncloc="24" packages="1" files="2" classes="2"/>
    <file name="atividade1.js" path="C:\Cypress\curso-testes-automatizados\Aula2\atividade1.js">
      <metrics statements="15" coveredstatements="14" conditionals="6" coveredconditionals="5" methods="6" coveredmethods="6"/>
      <line num="8" count="2" type="stmt"/>
      <line num="17" count="5" type="stmt"/>
      <line num="27" count="1" type="stmt"/>
      <line num="37" count="3" type="stmt"/>
      <line num="38" count="3" type="cond" truecount="2" falsecount="0"/>
      <line num="39" count="2" type="stmt"/>
      <line num="41" count="1" type="stmt"/>
      <line num="54" count="1" type="cond" truecount="3" falsecount="1"/>
      <line num="55" count="0" type="stmt"/>
      <line num="57" count="1" type="stmt"/>
      <line num="71" count="1" type="stmt"/>
      <line num="72" count="1" type="stmt"/>
      <line num="73" count="1" type="stmt"/>
      <line num="74" count="1" type="stmt"/>
      <line num="79" count="1" type="stmt"/>
    </file>
    <file name="atividade1ClassConsumer.js" path="C:\Cypress\curso-testes-automatizados\Aula2\atividade1ClassConsumer.js">
      <metrics statements="9" coveredstatements="9" conditionals="0" coveredconditionals="0" methods="6" coveredmethods="6"/>
      <line num="1" count="1" type="stmt"/>
      <line num="9" count="2" type="stmt"/>
      <line num="11" count="2" type="stmt"/>
      <line num="20" count="5" type="stmt"/>
      <line num="29" count="1" type="stmt"/>
      <line num="38" count="3" type="stmt"/>
      <line num="46" count="1" type="stmt"/>
      <line num="55" count="1" type="stmt"/>
      <line num="59" count="1" type="stmt"/>
    </file>
  </project>
</coverage>
