{"C:\\Cypress\\curso-testes-automatizados\\Aula2\\atividade1.js": {"path":"C:\\Cypress\\curso-testes-automatizados\\Aula2\\atividade1.js","statementMap":{"0":{"start":{"line":8,"column":8},"end":{"line":8,"column":29}},"1":{"start":{"line":17,"column":8},"end":{"line":17,"column":43}},"2":{"start":{"line":27,"column":8},"end":{"line":27,"column":47}},"3":{"start":{"line":37,"column":23},"end":{"line":37,"column":80}},"4":{"start":{"line":38,"column":8},"end":{"line":42,"column":9}},"5":{"start":{"line":39,"column":12},"end":{"line":39,"column":29}},"6":{"start":{"line":41,"column":12},"end":{"line":41,"column":24}},"7":{"start":{"line":54,"column":8},"end":{"line":58,"column":9}},"8":{"start":{"line":55,"column":12},"end":{"line":55,"column":31}},"9":{"start":{"line":57,"column":12},"end":{"line":57,"column":113}},"10":{"start":{"line":71,"column":24},"end":{"line":71,"column":51}},"11":{"start":{"line":72,"column":24},"end":{"line":72,"column":48}},"12":{"start":{"line":73,"column":20},"end":{"line":73,"column":41}},"13":{"start":{"line":74,"column":8},"end":{"line":74,"column":57}},"14":{"start":{"line":79,"column":0},"end":{"line":79,"column":37}}},"fnMap":{"0":{"name":"(anonymous_0)","decl":{"start":{"line":7,"column":4},"end":{"line":7,"column":5}},"loc":{"start":{"line":7,"column":24},"end":{"line":9,"column":5}},"line":7},"1":{"name":"(anonymous_1)","decl":{"start":{"line":16,"column":4},"end":{"line":16,"column":5}},"loc":{"start":{"line":16,"column":27},"end":{"line":18,"column":5}},"line":16},"2":{"name":"(anonymous_2)","decl":{"start":{"line":26,"column":4},"end":{"line":26,"column":5}},"loc":{"start":{"line":26,"column":26},"end":{"line":28,"column":5}},"line":26},"3":{"name":"(anonymous_3)","decl":{"start":{"line":36,"column":4},"end":{"line":36,"column":5}},"loc":{"start":{"line":36,"column":46},"end":{"line":43,"column":5}},"line":36},"4":{"name":"(anonymous_4)","decl":{"start":{"line":53,"column":4},"end":{"line":53,"column":5}},"loc":{"start":{"line":53,"column":16},"end":{"line":59,"column":5}},"line":53},"5":{"name":"(anonymous_5)","decl":{"start":{"line":70,"column":4},"end":{"line":70,"column":5}},"loc":{"start":{"line":70,"column":20},"end":{"line":75,"column":5}},"line":70}},"branchMap":{"0":{"loc":{"start":{"line":38,"column":8},"end":{"line":42,"column":9}},"type":"if","locations":[{"start":{"line":38,"column":8},"end":{"line":42,"column":9}},{"start":{"line":40,"column":15},"end":{"line":42,"column":9}}],"line":38},"1":{"loc":{"start":{"line":54,"column":8},"end":{"line":58,"column":9}},"type":"if","locations":[{"start":{"line":54,"column":8},"end":{"line":58,"column":9}},{"start":{"line":56,"column":15},"end":{"line":58,"column":9}}],"line":54},"2":{"loc":{"start":{"line":54,"column":12},"end":{"line":54,"column":50}},"type":"binary-expr","locations":[{"start":{"line":54,"column":12},"end":{"line":54,"column":23}},{"start":{"line":54,"column":27},"end":{"line":54,"column":50}}],"line":54}},"s":{"0":2,"1":5,"2":1,"3":3,"4":3,"5":2,"6":1,"7":1,"8":0,"9":1,"10":1,"11":1,"12":1,"13":1,"14":1},"f":{"0":2,"1":5,"2":1,"3":3,"4":1,"5":1},"b":{"0":[2,1],"1":[0,1],"2":[1,1]},"_coverageSchema":"1a1c01bbd47fc00a2c39e90264f33305004495a9","hash":"b906141edcdd2001576df9d1e14eeb173f02bbd4"}
,"C:\\Cypress\\curso-testes-automatizados\\Aula2\\atividade1ClassConsumer.js": {"path":"C:\\Cypress\\curso-testes-automatizados\\Aula2\\atividade1ClassConsumer.js","statementMap":{"0":{"start":{"line":1,"column":28},"end":{"line":1,"column":51}},"1":{"start":{"line":9,"column":8},"end":{"line":9,"column":37}},"2":{"start":{"line":11,"column":8},"end":{"line":11,"column":59}},"3":{"start":{"line":20,"column":8},"end":{"line":20,"column":55}},"4":{"start":{"line":29,"column":8},"end":{"line":29,"column":56}},"5":{"start":{"line":38,"column":8},"end":{"line":38,"column":78}},"6":{"start":{"line":46,"column":8},"end":{"line":46,"column":40}},"7":{"start":{"line":55,"column":8},"end":{"line":55,"column":50}},"8":{"start":{"line":59,"column":0},"end":{"line":59,"column":31}}},"fnMap":{"0":{"name":"(anonymous_0)","decl":{"start":{"line":8,"column":4},"end":{"line":8,"column":5}},"loc":{"start":{"line":8,"column":28},"end":{"line":12,"column":5}},"line":8},"1":{"name":"(anonymous_1)","decl":{"start":{"line":19,"column":4},"end":{"line":19,"column":5}},"loc":{"start":{"line":19,"column":31},"end":{"line":21,"column":5}},"line":19},"2":{"name":"(anonymous_2)","decl":{"start":{"line":28,"column":4},"end":{"line":28,"column":5}},"loc":{"start":{"line":28,"column":35},"end":{"line":30,"column":5}},"line":28},"3":{"name":"(anonymous_3)","decl":{"start":{"line":37,"column":4},"end":{"line":37,"column":5}},"loc":{"start":{"line":37,"column":70},"end":{"line":39,"column":5}},"line":37},"4":{"name":"(anonymous_4)","decl":{"start":{"line":45,"column":4},"end":{"line":45,"column":5}},"loc":{"start":{"line":45,"column":19},"end":{"line":47,"column":5}},"line":45},"5":{"name":"(anonymous_5)","decl":{"start":{"line":54,"column":4},"end":{"line":54,"column":5}},"loc":{"start":{"line":54,"column":31},"end":{"line":56,"column":5}},"line":54}},"branchMap":{},"s":{"0":1,"1":2,"2":2,"3":5,"4":1,"5":3,"6":1,"7":1,"8":1},"f":{"0":2,"1":5,"2":1,"3":3,"4":1,"5":1},"b":{},"_coverageSchema":"1a1c01bbd47fc00a2c39e90264f33305004495a9","hash":"5cc4664963a7ca1ac2b955545d17b7214f0836a3"}
}
