TN:
SF:Aula2\atividade1.js
FN:7,(anonymous_0)
FN:16,(anonymous_1)
FN:26,(anonymous_2)
FN:36,(anonymous_3)
FN:53,(anonymous_4)
FN:70,(anonymous_5)
FNF:6
FNH:6
FNDA:2,(anonymous_0)
FNDA:5,(anonymous_1)
FNDA:1,(anonymous_2)
FNDA:3,(anonymous_3)
FNDA:1,(anonymous_4)
FNDA:1,(anonymous_5)
DA:8,2
DA:17,5
DA:27,1
DA:37,3
DA:38,3
DA:39,2
DA:41,1
DA:54,1
DA:55,0
DA:57,1
DA:71,1
DA:72,1
DA:73,1
DA:74,1
DA:79,1
LF:15
LH:14
BRDA:38,0,0,2
BRDA:38,0,1,1
BRDA:54,1,0,0
BRDA:54,1,1,1
BRDA:54,2,0,1
BRDA:54,2,1,1
BRF:6
BRH:5
end_of_record
TN:
SF:Aula2\atividade1ClassConsumer.js
FN:8,(anonymous_0)
FN:19,(anonymous_1)
FN:28,(anonymous_2)
FN:37,(anonymous_3)
FN:45,(anonymous_4)
FN:54,(anonymous_5)
FNF:6
FNH:6
FNDA:2,(anonymous_0)
FNDA:5,(anonymous_1)
FNDA:1,(anonymous_2)
FNDA:3,(anonymous_3)
FNDA:1,(anonymous_4)
FNDA:1,(anonymous_5)
DA:1,1
DA:9,2
DA:11,2
DA:20,5
DA:29,1
DA:38,3
DA:46,1
DA:55,1
DA:59,1
LF:9
LH:9
BRF:0
BRH:0
end_of_record
